[2023-01-20 01:36:11,662][conftest.py 36][INFO]: 开始执行测试用例~
[2023-01-20 01:36:12,043][conftest.py 38][INFO]: 测试用例执行完毕~
[2023-01-20 01:36:12,044][conftest.py 36][INFO]: 开始执行测试用例~
[2023-01-20 01:36:12,310][conftest.py 38][INFO]: 测试用例执行完毕~
[2023-01-20 02:06:14,222][conftest.py 36][INFO]: 开始执行测试用例~
[2023-01-20 02:06:14,470][conftest.py 38][INFO]: 测试用例执行完毕~
[2023-01-20 02:06:14,470][conftest.py 36][INFO]: 开始执行测试用例~
[2023-01-20 02:06:14,733][conftest.py 38][INFO]: 测试用例执行完毕~
[2023-01-20 02:07:36,333][conftest.py 36][INFO]: 开始执行测试用例~
[2023-01-20 02:07:36,572][conftest.py 38][INFO]: 测试用例执行完毕~
[2023-01-20 02:07:36,575][conftest.py 36][INFO]: 开始执行测试用例~
[2023-01-20 02:07:36,744][conftest.py 38][INFO]: 测试用例执行完毕~
[2023-01-20 02:07:58,049][conftest.py 36][INFO]: 开始执行测试用例~
[2023-01-20 02:08:06,493][conftest.py 38][INFO]: 测试用例执行完毕~
[2023-01-20 02:08:06,495][conftest.py 36][INFO]: 开始执行测试用例~
[2023-01-20 02:08:06,840][conftest.py 38][INFO]: 测试用例执行完毕~
[2023-01-20 02:08:28,804][conftest.py 36][INFO]: 开始执行测试用例~
[2023-01-20 02:13:30,148][conftest.py 38][INFO]: 测试用例执行完毕~
[2023-01-20 02:13:30,705][conftest.py 36][INFO]: 开始执行测试用例~
[2023-01-20 02:13:30,847][conftest.py 38][INFO]: 测试用例执行完毕~
[2023-01-20 02:13:30,848][conftest.py 36][INFO]: 开始执行测试用例~
[2023-01-20 02:13:31,542][conftest.py 38][INFO]: 测试用例执行完毕~
[2023-01-20 02:14:06,300][conftest.py 36][INFO]: 开始执行测试用例~
[2023-01-20 02:14:06,452][conftest.py 38][INFO]: 测试用例执行完毕~
[2023-01-20 02:14:06,453][conftest.py 36][INFO]: 开始执行测试用例~
[2023-01-20 02:14:06,507][conftest.py 38][INFO]: 测试用例执行完毕~
[2023-01-20 13:51:22,824][conftest.py 36][INFO]: 开始执行测试用例~
[2023-01-20 13:51:23,086][conftest.py 38][INFO]: 测试用例执行完毕~
[2023-01-20 13:51:23,087][conftest.py 36][INFO]: 开始执行测试用例~
[2023-01-20 13:51:23,129][conftest.py 38][INFO]: 测试用例执行完毕~
[2023-01-20 13:52:33,899][conftest.py 36][INFO]: 开始执行测试用例~
[2023-01-20 13:52:34,136][conftest.py 38][INFO]: 测试用例执行完毕~
[2023-01-20 13:52:34,137][conftest.py 36][INFO]: 开始执行测试用例~
[2023-01-20 13:52:34,175][conftest.py 38][INFO]: 测试用例执行完毕~
[2023-01-20 13:52:35,665][conftest.py 36][INFO]: 开始执行测试用例~
[2023-01-20 13:52:35,879][conftest.py 38][INFO]: 测试用例执行完毕~
[2023-01-20 13:52:35,880][conftest.py 36][INFO]: 开始执行测试用例~
[2023-01-20 13:52:35,923][conftest.py 38][INFO]: 测试用例执行完毕~
[2023-01-20 13:54:51,214][conftest.py 36][INFO]: 开始执行测试用例~
[2023-01-20 13:58:22,699][conftest.py 36][INFO]: 开始执行测试用例~
[2023-01-20 14:41:30,291][conftest.py 38][INFO]: 测试用例执行完毕~
[2023-01-20 14:41:30,923][conftest.py 36][INFO]: 开始执行测试用例~
[2023-01-20 14:41:31,219][conftest.py 38][INFO]: 测试用例执行完毕~
[2023-01-20 14:41:34,488][conftest.py 36][INFO]: 开始执行测试用例~
[2023-01-20 14:43:54,625][conftest.py 38][INFO]: 测试用例执行完毕~
[2023-01-20 14:43:55,870][conftest.py 36][INFO]: 开始执行测试用例~
[2023-01-20 14:44:11,502][response_util.py 13][INFO]: 接口返回的内容>>>:{"code": 0, "data": {"userId": 120, "accessToken": "ff172ac017be4ab88971c0128ae6d659", "refreshToken": "00b620919843484c9919649aff67ba32", "expiresTime": 1674198849746}, "msg": ""}
[2023-01-20 14:44:22,032][conftest.py 38][INFO]: 测试用例执行完毕~
[2023-01-20 14:44:22,616][conftest.py 36][INFO]: 开始执行测试用例~
[2023-01-20 14:44:22,763][response_util.py 13][INFO]: 接口返回的内容>>>:{"code": 0, "data": {"userId": 120, "accessToken": "7f244c06092b4bd6a0f9eb50685f5113", "refreshToken": "8c9eaa7a46724197894b1370a8d625e0", "expiresTime": 1674198861002}, "msg": ""}
[2023-01-20 14:44:22,764][conftest.py 38][INFO]: 测试用例执行完毕~
[2023-01-20 14:45:54,874][conftest.py 38][INFO]: 测试用例执行完毕~
[2023-01-20 14:45:55,463][conftest.py 36][INFO]: 开始执行测试用例~
[2023-01-20 14:45:55,618][response_util.py 13][INFO]: 接口返回的内容>>>:{"code": 0, "data": {"userId": 120, "accessToken": "a49e8d580cb34cfcaff6ec151b9bbbcc", "refreshToken": "d8bb967c7a664b7b9a5b7a6bf31a72a8", "expiresTime": 1674198953861}, "msg": ""}
[2023-01-20 14:45:55,620][conftest.py 38][INFO]: 测试用例执行完毕~
[2023-01-20 14:45:55,621][conftest.py 36][INFO]: 开始执行测试用例~
[2023-01-20 14:45:55,665][response_util.py 13][INFO]: 接口返回的内容>>>:{"code": 0, "data": {"list": [{"username": "test_2", "nickname": "测试2", "remark": null, "deptId": 103, "postIds": [], "email": "test2@iocoder.cn", "mobile": "15601701312", "sex": 2, "avatar": "", "id": 131, "status": 1, "loginIp": "", "loginDate": null, "createTime": 1673191887000, "dept": {"id": 103, "name": "研发部门"}}, {"username": "test_1", "nickname": "测试1", "remark": null, "deptId": 103, "postIds": [], "email": "test1@iocoder.cn", "mobile": "15601691311", "sex": 1, "avatar": "", "id": 130, "status": 0, "loginIp": "", "loginDate": null, "createTime": 1673191887000, "dept": {"id": 103, "name": "研发部门"}}, {"username": "ao_pt2", "nickname": "ao_pt2", "remark": null, "deptId": 103, "postIds": [], "email": "ao_pt2@iocoder.cn", "mobile": "13212341234", "sex": 1, "avatar": "", "id": 121, "status": 0, "loginIp": "", "loginDate": null, "createTime": 1673106896000, "dept": {"id": 103, "name": "研发部门"}}, {"username": "autotest", "nickname": "auto_test", "remark": null, "deptId": 103, "postIds": [], "email": "", "mobile": "15615615611", "sex": 0, "avatar": "", "id": 120, "status": 0, "loginIp": "121.32.48.167", "loginDate": 1674197154000, "createTime": 1672666680000, "dept": {"id": 103, "name": "研发部门"}}, {"username": "aopt", "nickname": "ao_pt", "remark": null, "deptId": null, "postIds": [], "email": "", "mobile": "", "sex": 0, "avatar": "", "id": 119, "status": 0, "loginIp": "120.231.138.47", "loginDate": 1672673788000, "createTime": 1672578743000, "dept": null}, {"username": "goudan", "nickname": "狗蛋", "remark": null, "deptId": 103, "postIds": [1], "email": "", "mobile": "", "sex": 2, "avatar": "", "id": 118, "status": 0, "loginIp": "", "loginDate": null, "createTime": 1657359883000, "dept": {"id": 103, "name": "研发部门"}}, {"username": "admin123", "nickname": "测试号", "remark": "1111", "deptId": 100, "postIds": [2], "email": "", "mobile": "15601691234", "sex": 1, "avatar": "", "id": 117, "status": 0, "loginIp": "", "loginDate": null, "createTime": 1657359626000, "dept": {"id": 100, "name": "芋道源码"}}, {"username": "aotemane", "nickname": "1", "remark": "11111", "deptId": 101, "postIds": [], "email": "", "mobile": "", "sex": 1, "avatar": "", "id": 115, "status": 0, "loginIp": "", "loginDate": null, "createTime": 1651258543000, "dept": {"id": 101, "name": "深圳总公司"}}, {"username": "hrmgr", "nickname": "hr 小姐姐", "remark": null, "deptId": null, "postIds": [3], "email": "", "mobile": "", "sex": 0, "avatar": "", "id": 114, "status": 0, "loginIp": "127.0.0.1", "loginDate": 1647699343000, "createTime": 1647697858000, "dept": null}, {"username": "newobject", "nickname": "新对象", "remark": null, "deptId": null, "postIds": [], "email": "", "mobile": "", "sex": 0, "avatar": "", "id": 112, "status": 0, "loginIp": "", "loginDate": null, "createTime": 1645614483000, "dept": null}], "total": 14}, "msg": ""}
[2023-01-20 14:45:55,670][conftest.py 38][INFO]: 测试用例执行完毕~
[2023-01-20 15:47:06,325][conftest.py 36][INFO]: 开始执行测试用例~
[2023-01-20 15:47:06,500][response_util.py 13][INFO]: 接口返回的内容>>>:{"code": 0, "data": {"userId": 120, "accessToken": "c172b81a75314a86ade9182eb5a97ef5", "refreshToken": "80184a4c13bf42e48d131c87828d2cfa", "expiresTime": 1674202624724}, "msg": ""}
[2023-01-20 15:47:06,501][conftest.py 38][INFO]: 测试用例执行完毕~
[2023-01-20 15:47:06,503][conftest.py 36][INFO]: 开始执行测试用例~
[2023-01-20 15:47:06,557][response_util.py 13][INFO]: 接口返回的内容>>>:{"code": 0, "data": {"list": [{"username": "test_2", "nickname": "测试2", "remark": null, "deptId": 103, "postIds": [], "email": "test2@iocoder.cn", "mobile": "15601701312", "sex": 2, "avatar": "", "id": 131, "status": 1, "loginIp": "", "loginDate": null, "createTime": 1673191887000, "dept": {"id": 103, "name": "研发部门"}}, {"username": "test_1", "nickname": "测试1", "remark": null, "deptId": 103, "postIds": [], "email": "test1@iocoder.cn", "mobile": "15601691311", "sex": 1, "avatar": "", "id": 130, "status": 0, "loginIp": "", "loginDate": null, "createTime": 1673191887000, "dept": {"id": 103, "name": "研发部门"}}, {"username": "ao_pt2", "nickname": "ao_pt2", "remark": null, "deptId": 103, "postIds": [], "email": "ao_pt2@iocoder.cn", "mobile": "13212341234", "sex": 1, "avatar": "", "id": 121, "status": 0, "loginIp": "", "loginDate": null, "createTime": 1673106896000, "dept": {"id": 103, "name": "研发部门"}}, {"username": "autotest", "nickname": "auto_test", "remark": null, "deptId": 103, "postIds": [], "email": "", "mobile": "15615615611", "sex": 0, "avatar": "", "id": 120, "status": 0, "loginIp": "121.32.48.167", "loginDate": 1674200825000, "createTime": 1672666680000, "dept": {"id": 103, "name": "研发部门"}}, {"username": "aopt", "nickname": "ao_pt", "remark": null, "deptId": null, "postIds": [], "email": "", "mobile": "", "sex": 0, "avatar": "", "id": 119, "status": 0, "loginIp": "120.231.138.47", "loginDate": 1672673788000, "createTime": 1672578743000, "dept": null}, {"username": "goudan", "nickname": "狗蛋", "remark": null, "deptId": 103, "postIds": [1], "email": "", "mobile": "", "sex": 2, "avatar": "", "id": 118, "status": 0, "loginIp": "", "loginDate": null, "createTime": 1657359883000, "dept": {"id": 103, "name": "研发部门"}}, {"username": "admin123", "nickname": "测试号", "remark": "1111", "deptId": 100, "postIds": [2], "email": "", "mobile": "15601691234", "sex": 1, "avatar": "", "id": 117, "status": 0, "loginIp": "", "loginDate": null, "createTime": 1657359626000, "dept": {"id": 100, "name": "芋道源码"}}, {"username": "aotemane", "nickname": "1", "remark": "11111", "deptId": 101, "postIds": [], "email": "", "mobile": "", "sex": 1, "avatar": "", "id": 115, "status": 0, "loginIp": "", "loginDate": null, "createTime": 1651258543000, "dept": {"id": 101, "name": "深圳总公司"}}, {"username": "hrmgr", "nickname": "hr 小姐姐", "remark": null, "deptId": null, "postIds": [3], "email": "", "mobile": "", "sex": 0, "avatar": "", "id": 114, "status": 0, "loginIp": "127.0.0.1", "loginDate": 1647699343000, "createTime": 1647697858000, "dept": null}, {"username": "newobject", "nickname": "新对象", "remark": null, "deptId": null, "postIds": [], "email": "", "mobile": "", "sex": 0, "avatar": "", "id": 112, "status": 0, "loginIp": "", "loginDate": null, "createTime": 1645614483000, "dept": null}], "total": 14}, "msg": ""}
[2023-01-20 15:47:06,574][conftest.py 38][INFO]: 测试用例执行完毕~
[2023-01-20 15:49:49,985][response_util.py 13][INFO]: 接口返回的内容>>>:{"code": 0, "data": {"userId": 120, "accessToken": "ccedbdbfd5e74dff8ebeaa767be9b147", "refreshToken": "99fc1c2ab07a4606b642fdb5e34d7c09", "expiresTime": 1674202788205}, "msg": ""}
[2023-01-20 15:49:50,027][response_util.py 13][INFO]: 接口返回的内容>>>:{"code": 0, "data": {"list": [{"username": "test_2", "nickname": "测试2", "remark": null, "deptId": 103, "postIds": [], "email": "test2@iocoder.cn", "mobile": "15601701312", "sex": 2, "avatar": "", "id": 131, "status": 1, "loginIp": "", "loginDate": null, "createTime": 1673191887000, "dept": {"id": 103, "name": "研发部门"}}, {"username": "test_1", "nickname": "测试1", "remark": null, "deptId": 103, "postIds": [], "email": "test1@iocoder.cn", "mobile": "15601691311", "sex": 1, "avatar": "", "id": 130, "status": 0, "loginIp": "", "loginDate": null, "createTime": 1673191887000, "dept": {"id": 103, "name": "研发部门"}}, {"username": "ao_pt2", "nickname": "ao_pt2", "remark": null, "deptId": 103, "postIds": [], "email": "ao_pt2@iocoder.cn", "mobile": "13212341234", "sex": 1, "avatar": "", "id": 121, "status": 0, "loginIp": "", "loginDate": null, "createTime": 1673106896000, "dept": {"id": 103, "name": "研发部门"}}, {"username": "autotest", "nickname": "auto_test", "remark": null, "deptId": 103, "postIds": [], "email": "", "mobile": "15615615611", "sex": 0, "avatar": "", "id": 120, "status": 0, "loginIp": "121.32.48.167", "loginDate": 1674200988000, "createTime": 1672666680000, "dept": {"id": 103, "name": "研发部门"}}, {"username": "aopt", "nickname": "ao_pt", "remark": null, "deptId": null, "postIds": [], "email": "", "mobile": "", "sex": 0, "avatar": "", "id": 119, "status": 0, "loginIp": "120.231.138.47", "loginDate": 1672673788000, "createTime": 1672578743000, "dept": null}, {"username": "goudan", "nickname": "狗蛋", "remark": null, "deptId": 103, "postIds": [1], "email": "", "mobile": "", "sex": 2, "avatar": "", "id": 118, "status": 0, "loginIp": "", "loginDate": null, "createTime": 1657359883000, "dept": {"id": 103, "name": "研发部门"}}, {"username": "admin123", "nickname": "测试号", "remark": "1111", "deptId": 100, "postIds": [2], "email": "", "mobile": "15601691234", "sex": 1, "avatar": "", "id": 117, "status": 0, "loginIp": "", "loginDate": null, "createTime": 1657359626000, "dept": {"id": 100, "name": "芋道源码"}}, {"username": "aotemane", "nickname": "1", "remark": "11111", "deptId": 101, "postIds": [], "email": "", "mobile": "", "sex": 1, "avatar": "", "id": 115, "status": 0, "loginIp": "", "loginDate": null, "createTime": 1651258543000, "dept": {"id": 101, "name": "深圳总公司"}}, {"username": "hrmgr", "nickname": "hr 小姐姐", "remark": null, "deptId": null, "postIds": [3], "email": "", "mobile": "", "sex": 0, "avatar": "", "id": 114, "status": 0, "loginIp": "127.0.0.1", "loginDate": 1647699343000, "createTime": 1647697858000, "dept": null}, {"username": "newobject", "nickname": "新对象", "remark": null, "deptId": null, "postIds": [], "email": "", "mobile": "", "sex": 0, "avatar": "", "id": 112, "status": 0, "loginIp": "", "loginDate": null, "createTime": 1645614483000, "dept": null}], "total": 14}, "msg": ""}
[2023-01-20 15:50:34,189][conftest.py 36][INFO]: 开始执行测试用例~
[2023-01-20 15:50:34,330][response_util.py 13][INFO]: 接口返回的内容>>>:{"code": 0, "data": {"userId": 120, "accessToken": "73b6acb3051d47fd84fae4a29d3f9163", "refreshToken": "c1681726d4cf4f26a4c2cf3a459ef949", "expiresTime": 1674202832553}, "msg": ""}
[2023-01-20 15:50:34,331][conftest.py 38][INFO]: 测试用例执行完毕~
[2023-01-20 15:50:34,373][conftest.py 36][INFO]: 开始执行测试用例~
[2023-01-20 15:50:34,414][response_util.py 13][INFO]: 接口返回的内容>>>:{"code": 0, "data": {"list": [{"username": "test_2", "nickname": "测试2", "remark": null, "deptId": 103, "postIds": [], "email": "test2@iocoder.cn", "mobile": "15601701312", "sex": 2, "avatar": "", "id": 131, "status": 1, "loginIp": "", "loginDate": null, "createTime": 1673191887000, "dept": {"id": 103, "name": "研发部门"}}, {"username": "test_1", "nickname": "测试1", "remark": null, "deptId": 103, "postIds": [], "email": "test1@iocoder.cn", "mobile": "15601691311", "sex": 1, "avatar": "", "id": 130, "status": 0, "loginIp": "", "loginDate": null, "createTime": 1673191887000, "dept": {"id": 103, "name": "研发部门"}}, {"username": "ao_pt2", "nickname": "ao_pt2", "remark": null, "deptId": 103, "postIds": [], "email": "ao_pt2@iocoder.cn", "mobile": "13212341234", "sex": 1, "avatar": "", "id": 121, "status": 0, "loginIp": "", "loginDate": null, "createTime": 1673106896000, "dept": {"id": 103, "name": "研发部门"}}, {"username": "autotest", "nickname": "auto_test", "remark": null, "deptId": 103, "postIds": [], "email": "", "mobile": "15615615611", "sex": 0, "avatar": "", "id": 120, "status": 0, "loginIp": "121.32.48.167", "loginDate": 1674201033000, "createTime": 1672666680000, "dept": {"id": 103, "name": "研发部门"}}, {"username": "aopt", "nickname": "ao_pt", "remark": null, "deptId": null, "postIds": [], "email": "", "mobile": "", "sex": 0, "avatar": "", "id": 119, "status": 0, "loginIp": "120.231.138.47", "loginDate": 1672673788000, "createTime": 1672578743000, "dept": null}, {"username": "goudan", "nickname": "狗蛋", "remark": null, "deptId": 103, "postIds": [1], "email": "", "mobile": "", "sex": 2, "avatar": "", "id": 118, "status": 0, "loginIp": "", "loginDate": null, "createTime": 1657359883000, "dept": {"id": 103, "name": "研发部门"}}, {"username": "admin123", "nickname": "测试号", "remark": "1111", "deptId": 100, "postIds": [2], "email": "", "mobile": "15601691234", "sex": 1, "avatar": "", "id": 117, "status": 0, "loginIp": "", "loginDate": null, "createTime": 1657359626000, "dept": {"id": 100, "name": "芋道源码"}}, {"username": "aotemane", "nickname": "1", "remark": "11111", "deptId": 101, "postIds": [], "email": "", "mobile": "", "sex": 1, "avatar": "", "id": 115, "status": 0, "loginIp": "", "loginDate": null, "createTime": 1651258543000, "dept": {"id": 101, "name": "深圳总公司"}}, {"username": "hrmgr", "nickname": "hr 小姐姐", "remark": null, "deptId": null, "postIds": [3], "email": "", "mobile": "", "sex": 0, "avatar": "", "id": 114, "status": 0, "loginIp": "127.0.0.1", "loginDate": 1647699343000, "createTime": 1647697858000, "dept": null}, {"username": "newobject", "nickname": "新对象", "remark": null, "deptId": null, "postIds": [], "email": "", "mobile": "", "sex": 0, "avatar": "", "id": 112, "status": 0, "loginIp": "", "loginDate": null, "createTime": 1645614483000, "dept": null}], "total": 14}, "msg": ""}
[2023-01-20 15:50:34,422][conftest.py 38][INFO]: 测试用例执行完毕~
[2023-01-20 16:37:10,861][conftest.py 36][INFO]: 开始执行测试用例~
[2023-01-20 16:37:11,025][response_util.py 13][INFO]: 接口返回的内容>>>:{"code": 0, "data": {"userId": 120, "accessToken": "bcfa9097311146b3bca75c71bd734a89", "refreshToken": "00d710ecf4ea410aa71680f422ee80cd", "expiresTime": 1674205629229}, "msg": ""}
[2023-01-20 16:37:11,025][conftest.py 38][INFO]: 测试用例执行完毕~
[2023-01-20 16:37:11,067][conftest.py 36][INFO]: 开始执行测试用例~
[2023-01-20 16:37:11,107][response_util.py 13][INFO]: 接口返回的内容>>>:{"code": 0, "data": {"list": [{"username": "test_2", "nickname": "测试2", "remark": null, "deptId": 103, "postIds": [], "email": "test2@iocoder.cn", "mobile": "15601701312", "sex": 2, "avatar": "", "id": 131, "status": 1, "loginIp": "", "loginDate": null, "createTime": 1673191887000, "dept": {"id": 103, "name": "研发部门"}}, {"username": "test_1", "nickname": "测试1", "remark": null, "deptId": 103, "postIds": [], "email": "test1@iocoder.cn", "mobile": "15601691311", "sex": 1, "avatar": "", "id": 130, "status": 0, "loginIp": "", "loginDate": null, "createTime": 1673191887000, "dept": {"id": 103, "name": "研发部门"}}, {"username": "ao_pt2", "nickname": "ao_pt2", "remark": null, "deptId": 103, "postIds": [], "email": "ao_pt2@iocoder.cn", "mobile": "13212341234", "sex": 1, "avatar": "", "id": 121, "status": 0, "loginIp": "", "loginDate": null, "createTime": 1673106896000, "dept": {"id": 103, "name": "研发部门"}}, {"username": "autotest", "nickname": "auto_test", "remark": null, "deptId": 103, "postIds": [], "email": "", "mobile": "15615615611", "sex": 0, "avatar": "", "id": 120, "status": 0, "loginIp": "121.32.48.167", "loginDate": 1674203829000, "createTime": 1672666680000, "dept": {"id": 103, "name": "研发部门"}}, {"username": "aopt", "nickname": "ao_pt", "remark": null, "deptId": null, "postIds": [], "email": "", "mobile": "", "sex": 0, "avatar": "", "id": 119, "status": 0, "loginIp": "120.231.138.47", "loginDate": 1672673788000, "createTime": 1672578743000, "dept": null}, {"username": "goudan", "nickname": "狗蛋", "remark": null, "deptId": 103, "postIds": [1], "email": "", "mobile": "", "sex": 2, "avatar": "", "id": 118, "status": 0, "loginIp": "", "loginDate": null, "createTime": 1657359883000, "dept": {"id": 103, "name": "研发部门"}}, {"username": "admin123", "nickname": "测试号", "remark": "1111", "deptId": 100, "postIds": [2], "email": "", "mobile": "15601691234", "sex": 1, "avatar": "", "id": 117, "status": 0, "loginIp": "", "loginDate": null, "createTime": 1657359626000, "dept": {"id": 100, "name": "芋道源码"}}, {"username": "aotemane", "nickname": "1", "remark": "11111", "deptId": 101, "postIds": [], "email": "", "mobile": "", "sex": 1, "avatar": "", "id": 115, "status": 0, "loginIp": "", "loginDate": null, "createTime": 1651258543000, "dept": {"id": 101, "name": "深圳总公司"}}, {"username": "hrmgr", "nickname": "hr 小姐姐", "remark": null, "deptId": null, "postIds": [3], "email": "", "mobile": "", "sex": 0, "avatar": "", "id": 114, "status": 0, "loginIp": "127.0.0.1", "loginDate": 1647699343000, "createTime": 1647697858000, "dept": null}, {"username": "newobject", "nickname": "新对象", "remark": null, "deptId": null, "postIds": [], "email": "", "mobile": "", "sex": 0, "avatar": "", "id": 112, "status": 0, "loginIp": "", "loginDate": null, "createTime": 1645614483000, "dept": null}], "total": 14}, "msg": ""}
[2023-01-20 16:37:11,116][conftest.py 38][INFO]: 测试用例执行完毕~
[2023-01-20 23:15:04,640][conftest.py 36][INFO]: 开始执行测试用例~
[2023-01-20 23:15:04,778][conftest.py 38][INFO]: 测试用例执行完毕~
[2023-01-20 23:15:04,781][conftest.py 36][INFO]: 开始执行测试用例~
[2023-01-20 23:15:04,810][response_util.py 13][INFO]: 接口返回的内容>>>:{"code": 401, "data": null, "msg": "账号未登录"}
[2023-01-20 23:15:04,814][conftest.py 38][INFO]: 测试用例执行完毕~
[2023-01-20 23:48:10,135][conftest.py 36][INFO]: 开始执行测试用例~
[2023-01-20 23:48:10,199][conftest.py 38][INFO]: 测试用例执行完毕~
[2023-01-20 23:48:13,242][conftest.py 36][INFO]: 开始执行测试用例~
[2023-01-20 23:48:13,250][conftest.py 38][INFO]: 测试用例执行完毕~
[2023-01-20 23:48:38,036][conftest.py 36][INFO]: 开始执行测试用例~
[2023-01-20 23:49:17,852][conftest.py 38][INFO]: 测试用例执行完毕~
[2023-01-20 23:49:18,514][conftest.py 36][INFO]: 开始执行测试用例~
[2023-01-20 23:49:18,691][response_util.py 13][INFO]: 接口返回的内容>>>:{"code": 0, "data": {"userId": 120, "accessToken": "902e5102588b4a63a153f24773e5cf9d", "refreshToken": "e56738dcc4cc41aebd3835e105245154", "expiresTime": 1674231558552}, "msg": ""}
[2023-01-20 23:49:18,692][conftest.py 38][INFO]: 测试用例执行完毕~
